Arguments: 
  C:\Program Files\nodejs\node.exe C:\Users\Administrator\AppData\Roaming\npm\node_modules\yarn\bin\yarn.js add mysql typeorm @nestjs/typeorm

PATH: 
  D:\Program Files (x86)\NetSarang\Xshell 6\;D:\Program Files (x86)\NetSarang\Xftp 6\;C:\Windows\system32;C:\Windows;C:\Windows\System32\Wbem;C:\Windows\System32\WindowsPowerShell\v1.0\;D:\Program Files\TortoiseGit\bin;D:\Program Files\Java\jdk1.8.0_212\bin;D:\Program Files\Java\jdk1.8.0_212\jre\bin;D:\Program Files\Redis\;D:\Program Files\Git\bin;C:\ProgramData\chocolatey\bin;D:\dev_tools\dart-sdk\bin;C:\Program Files (x86)\ZeroTier\One\;C:\Program Files\nodejs\;C:\Users\Administrator\AppData\Local\Microsoft\WindowsApps;D:\Program Files\Microsoft VS Code\bin;C:\tools\dart-sdk\bin;C:\Users\Administrator\AppData\Roaming\Pub\Cache\bin;C:\Users\Administrator\AppData\Roaming\npm

Yarn version: 
  1.22.4

Node version: 
  14.15.4

Platform: 
  win32 x64

Trace: 
  Error: ENOENT: no such file or directory, copyfile 'C:\Users\Administrator\AppData\Local\Yarn\Cache\v6\npm-color-name-1.1.3-a7d0558bd89c42f795dd42328f740831ca53bc25-integrity\node_modules\color-name\.eslintrc.json' -> 'D:\projectOS\anki-back\node_modules\@babel\highlight\node_modules\color-name\.eslintrc.json'

npm manifest: 
  {
    "name": "anki-back",
    "version": "0.0.1",
    "description": "",
    "author": "",
    "private": true,
    "license": "UNLICENSED",
    "scripts": {
      "prebuild": "rimraf dist",
      "build": "nest build",
      "format": "prettier --write \"src/**/*.ts\" \"test/**/*.ts\"",
      "start": "nest start",
      "start:dev": "nest start --watch",
      "start:debug": "nest start --debug --watch",
      "start:prod": "node dist/main",
      "lint": "eslint \"{src,apps,libs,test}/**/*.ts\" --fix",
      "test": "jest",
      "test:watch": "jest --watch",
      "test:cov": "jest --coverage",
      "test:debug": "node --inspect-brk -r tsconfig-paths/register -r ts-node/register node_modules/.bin/jest --runInBand",
      "test:e2e": "jest --config ./test/jest-e2e.json"
    },
    "dependencies": {
      "@nestjs/common": "^7.5.1",
      "@nestjs/core": "^7.5.1",
      "@nestjs/platform-express": "^7.5.1",
      "@nestjs/swagger": "^4.7.13",
      "reflect-metadata": "^0.1.13",
      "rimraf": "^3.0.2",
      "rxjs": "^6.6.3",
      "swagger-ui-express": "^4.1.6"
    },
    "devDependencies": {
      "@nestjs/cli": "^7.5.1",
      "@nestjs/schematics": "^7.1.3",
      "@nestjs/testing": "^7.5.1",
      "@types/express": "^4.17.8",
      "@types/jest": "^26.0.15",
      "@types/node": "^14.14.6",
      "@types/supertest": "^2.0.10",
      "@typescript-eslint/eslint-plugin": "^4.6.1",
      "@typescript-eslint/parser": "^4.6.1",
      "eslint": "^7.12.1",
      "eslint-config-prettier": "7.2.0",
      "eslint-plugin-prettier": "^3.1.4",
      "jest": "^26.6.3",
      "prettier": "^2.1.2",
      "supertest": "^6.0.0",
      "ts-jest": "^26.4.3",
      "ts-loader": "^8.0.8",
      "ts-node": "^9.0.0",
      "tsconfig-paths": "^3.9.0",
      "typescript": "^4.0.5"
    },
    "jest": {
      "moduleFileExtensions": [
        "js",
        "json",
        "ts"
      ],
      "rootDir": "src",
      "testRegex": ".*\\.spec\\.ts$",
      "transform": {
        "^.+\\.(t|j)s$": "ts-jest"
      },
      "collectCoverageFrom": [
        "**/*.(t|j)s"
      ],
      "coverageDirectory": "../coverage",
      "testEnvironment": "node"
    }
  }

yarn manifest: 
  No manifest

Lockfile: 
  No lockfile
